2026-02-10 18:42:25,782 - INFO - ================================================================================
2026-02-10 18:42:25,782 - INFO - MOMENT ANOMALY DETECTION - STARTING
2026-02-10 18:42:25,782 - INFO - ================================================================================
2026-02-10 18:42:25,782 - INFO - 
Configuration:
2026-02-10 18:42:25,782 - INFO -   data_path: ./Parameters_5K.csv
2026-02-10 18:42:25,782 - INFO -   window_size: 168
2026-02-10 18:42:25,783 - INFO -   stride: 24
2026-02-10 18:42:25,783 - INFO -   d_model: 256
2026-02-10 18:42:25,783 - INFO -   nhead: 8
2026-02-10 18:42:25,783 - INFO -   num_layers: 4
2026-02-10 18:42:25,783 - INFO -   dropout: 0.1
2026-02-10 18:42:25,783 - INFO -   batch_size: 32
2026-02-10 18:42:25,783 - INFO -   epochs: 50
2026-02-10 18:42:25,783 - INFO -   lr: 0.0001
2026-02-10 18:42:25,784 - INFO -   patience: 10
2026-02-10 18:42:25,784 - INFO -   train_split: 0.7
2026-02-10 18:42:25,784 - INFO -   val_split: 0.15
2026-02-10 18:42:25,784 - INFO -   threshold_method: zscore
2026-02-10 18:42:25,784 - INFO -   z_multiplier: 3.0
2026-02-10 18:42:25,784 - INFO -   contamination: 0.01
2026-02-10 18:42:25,784 - INFO -   save_model: True
2026-02-10 18:42:25,784 - INFO -   model_name: moment_model.pkl
2026-02-10 18:42:25,784 - INFO -   save_plots: True
2026-02-10 18:42:27,726 - INFO - 
Using device: cuda
2026-02-10 18:42:27,727 - INFO - 
================================================================================
2026-02-10 18:42:27,727 - INFO - STEP 1: Loading and Preprocessing Data
2026-02-10 18:42:27,727 - INFO - ================================================================================
2026-02-10 18:42:27,741 - INFO - Loaded 5614 samples
2026-02-10 18:42:27,741 - INFO - Using 16 features: ['pH', 'Turbidity_NTU', 'Free_Residual_Chlorine_ppm', 'TDS_ppm', 'Total_Hardness_ppm', 'Calcium_Hardness_ppm', 'Magnesium_Hardness_ppm', 'Chlorides_ppm', 'Phosphate_ppm', 'Total_Alkalinity_ppm', 'Sulphates_ppm', 'Silica_ppm', 'Iron_ppm', 'Suspended_Solids_ppm', 'Conductivity_uS_cm', 'Cycles_of_Concentration']
2026-02-10 18:42:27,742 - INFO - Handling missing values...
2026-02-10 18:42:27,746 - INFO - Fitting RobustScalers...
2026-02-10 18:42:27,877 - INFO - Created 227 valid windows
2026-02-10 18:42:27,877 - INFO - 
================================================================================
2026-02-10 18:42:27,877 - INFO - STEP 2: Splitting Data
2026-02-10 18:42:27,877 - INFO - ================================================================================
2026-02-10 18:42:27,878 - INFO - Train: 158, Val: 34, Test: 35
2026-02-10 18:42:27,878 - INFO - 
================================================================================
2026-02-10 18:42:27,878 - INFO - STEP 3: Initializing Model
2026-02-10 18:42:27,878 - INFO - ================================================================================
2026-02-10 18:42:27,901 - INFO - Initialized MOMENT model with 3,198,864 parameters
2026-02-10 18:42:28,390 - INFO - 
================================================================================
2026-02-10 18:42:28,391 - INFO - STEP 4: Training Model
2026-02-10 18:42:28,391 - INFO - ================================================================================
2026-02-10 18:42:29,189 - INFO - Starting training for 50 epochs...
2026-02-10 18:42:29,863 - INFO - Epoch 1/50 - Train: 72.753974, Val: 43.294504 [BEST]
2026-02-10 18:42:30,308 - INFO - Epoch 2/50 - Train: 71.241273, Val: 43.117462 [BEST]
2026-02-10 18:42:30,757 - INFO - Epoch 3/50 - Train: 71.193286, Val: 42.932638 [BEST]
2026-02-10 18:42:31,204 - INFO - Epoch 4/50 - Train: 70.370512, Val: 42.635813 [BEST]
2026-02-10 18:42:31,654 - INFO - Epoch 5/50 - Train: 69.803071, Val: 42.351715 [BEST]
2026-02-10 18:42:32,099 - INFO - Epoch 6/50 - Train: 69.021741, Val: 42.241360 [BEST]
2026-02-10 18:42:32,543 - INFO - Epoch 7/50 - Train: 69.281625, Val: 42.196650 [BEST]
2026-02-10 18:42:32,990 - INFO - Epoch 8/50 - Train: 68.425126, Val: 42.131203 [BEST]
2026-02-10 18:42:33,434 - INFO - Epoch 9/50 - Train: 68.269936, Val: 42.037632 [BEST]
2026-02-10 18:42:33,881 - INFO - Epoch 10/50 - Train: 67.530615, Val: 41.959513 [BEST]
2026-02-10 18:42:34,329 - INFO - Epoch 11/50 - Train: 67.606960, Val: 41.854872 [BEST]
2026-02-10 18:42:34,776 - INFO - Epoch 12/50 - Train: 66.811110, Val: 41.722294 [BEST]
2026-02-10 18:42:35,226 - INFO - Epoch 13/50 - Train: 66.556908, Val: 41.587152 [BEST]
2026-02-10 18:42:35,670 - INFO - Epoch 14/50 - Train: 66.421194, Val: 41.468897 [BEST]
2026-02-10 18:42:36,121 - INFO - Epoch 15/50 - Train: 66.317532, Val: 41.264980 [BEST]
2026-02-10 18:42:36,566 - INFO - Epoch 16/50 - Train: 65.634336, Val: 41.132370 [BEST]
2026-02-10 18:42:37,013 - INFO - Epoch 17/50 - Train: 65.762737, Val: 40.992647 [BEST]
2026-02-10 18:42:37,459 - INFO - Epoch 18/50 - Train: 65.470383, Val: 40.805046 [BEST]
2026-02-10 18:42:37,905 - INFO - Epoch 19/50 - Train: 65.144496, Val: 40.690582 [BEST]
2026-02-10 18:42:38,352 - INFO - Epoch 20/50 - Train: 64.898357, Val: 40.560686 [BEST]
2026-02-10 18:42:38,799 - INFO - Epoch 21/50 - Train: 64.871374, Val: 40.412279 [BEST]
2026-02-10 18:42:39,247 - INFO - Epoch 22/50 - Train: 64.185218, Val: 40.271202 [BEST]
2026-02-10 18:42:39,694 - INFO - Epoch 23/50 - Train: 64.335822, Val: 40.104717 [BEST]
2026-02-10 18:42:40,141 - INFO - Epoch 24/50 - Train: 63.861469, Val: 39.992853 [BEST]
2026-02-10 18:42:40,586 - INFO - Epoch 25/50 - Train: 63.466349, Val: 39.838758 [BEST]
2026-02-10 18:42:41,034 - INFO - Epoch 26/50 - Train: 63.348551, Val: 39.678318 [BEST]
2026-02-10 18:42:41,481 - INFO - Epoch 27/50 - Train: 63.619963, Val: 39.572073 [BEST]
2026-02-10 18:42:41,930 - INFO - Epoch 28/50 - Train: 62.872945, Val: 39.455917 [BEST]
2026-02-10 18:42:42,376 - INFO - Epoch 29/50 - Train: 62.908278, Val: 39.352560 [BEST]
2026-02-10 18:42:42,824 - INFO - Epoch 30/50 - Train: 63.245306, Val: 39.277855 [BEST]
2026-02-10 18:42:43,276 - INFO - Epoch 31/50 - Train: 62.595692, Val: 39.169134 [BEST]
2026-02-10 18:42:43,724 - INFO - Epoch 32/50 - Train: 62.625309, Val: 39.064150 [BEST]
2026-02-10 18:42:44,171 - INFO - Epoch 33/50 - Train: 62.689353, Val: 39.020069 [BEST]
2026-02-10 18:42:44,625 - INFO - Epoch 34/50 - Train: 62.483661, Val: 38.971388 [BEST]
2026-02-10 18:42:45,084 - INFO - Epoch 35/50 - Train: 62.591014, Val: 38.899834 [BEST]
2026-02-10 18:42:45,536 - INFO - Epoch 36/50 - Train: 62.172815, Val: 38.852409 [BEST]
2026-02-10 18:42:45,996 - INFO - Epoch 37/50 - Train: 62.137161, Val: 38.846518 [BEST]
2026-02-10 18:42:46,455 - INFO - Epoch 38/50 - Train: 61.727496, Val: 38.820795 [BEST]
2026-02-10 18:42:46,912 - INFO - Epoch 39/50 - Train: 62.114644, Val: 38.782272 [BEST]
2026-02-10 18:42:47,370 - INFO - Epoch 40/50 - Train: 61.888889, Val: 38.734114 [BEST]
2026-02-10 18:42:47,826 - INFO - Epoch 41/50 - Train: 61.773273, Val: 38.706409 [BEST]
2026-02-10 18:42:48,281 - INFO - Epoch 42/50 - Train: 61.907103, Val: 38.701468 [BEST]
2026-02-10 18:42:48,739 - INFO - Epoch 43/50 - Train: 61.479375, Val: 38.699472 [BEST]
2026-02-10 18:42:49,200 - INFO - Epoch 44/50 - Train: 61.646721, Val: 38.686527 [BEST]
2026-02-10 18:42:49,655 - INFO - Epoch 45/50 - Train: 62.026647, Val: 38.677135 [BEST]
2026-02-10 18:42:50,111 - INFO - Epoch 46/50 - Train: 61.634278, Val: 38.667637 [BEST]
2026-02-10 18:42:50,571 - INFO - Epoch 47/50 - Train: 61.891798, Val: 38.661251 [BEST]
2026-02-10 18:42:51,025 - INFO - Epoch 48/50 - Train: 61.670821, Val: 38.659216 [BEST]
2026-02-10 18:42:51,482 - INFO - Epoch 49/50 - Train: 61.517156, Val: 38.658329 [BEST]
2026-02-10 18:42:51,942 - INFO - Epoch 50/50 - Train: 61.755560, Val: 38.658190 [BEST]
2026-02-10 18:42:51,945 - INFO - Training complete. Best val loss: 38.658190
2026-02-10 18:42:52,862 - INFO - Saved training history to training_history.png
2026-02-10 18:42:52,917 - INFO - 
================================================================================
2026-02-10 18:42:52,917 - INFO - STEP 5: Computing Reconstruction Errors
2026-02-10 18:42:52,918 - INFO - ================================================================================
2026-02-10 18:42:53,001 - INFO - Computed 34 reconstruction errors
2026-02-10 18:42:53,003 - INFO -   Mean: 44.357590, Std: 35.054401
2026-02-10 18:42:53,003 - INFO -   Min: 0.309491, Max: 103.427841
2026-02-10 18:42:53,029 - INFO - Computed 35 reconstruction errors
2026-02-10 18:42:53,030 - INFO -   Mean: 59.535908, Std: 48.533062
2026-02-10 18:42:53,030 - INFO -   Min: 2.620866, Max: 180.944809
2026-02-10 18:42:53,030 - INFO - 
================================================================================
2026-02-10 18:42:53,031 - INFO - STEP 6: Detecting Anomalies
2026-02-10 18:42:53,031 - INFO - ================================================================================
2026-02-10 18:42:53,044 - INFO - Detected 2/35 anomalies (5.71%)
2026-02-10 18:42:53,044 - INFO - 
================================================================================
2026-02-10 18:42:53,044 - INFO - STEP 7: Saving Results
2026-02-10 18:42:53,044 - INFO - ================================================================================
2026-02-10 18:42:53,055 - INFO - Saved results to: anomaly_results.csv
2026-02-10 18:42:53,060 - INFO - Saved 2 anomalies to: anomalous_windows.csv
2026-02-10 18:42:54,658 - INFO - Saved results to anomaly_results.png
2026-02-10 18:42:54,727 - INFO - Saved model to: moment_model.pkl
2026-02-10 18:42:54,727 - INFO - 
================================================================================
2026-02-10 18:42:54,727 - INFO - FINAL SUMMARY
2026-02-10 18:42:54,728 - INFO - ================================================================================
2026-02-10 18:42:54,728 - INFO - Total samples: 5614
2026-02-10 18:42:54,728 - INFO - Total windows: 227
2026-02-10 18:42:54,729 - INFO - Features: 16
2026-02-10 18:42:54,729 - INFO - Model parameters: 3,198,864
2026-02-10 18:42:54,729 - INFO - Final train loss: 61.755560
2026-02-10 18:42:54,729 - INFO - Final val loss: 38.658190
2026-02-10 18:42:54,730 - INFO - Threshold: 149.520798
2026-02-10 18:42:54,730 - INFO - Test anomalies: 2/35 (5.71%)
2026-02-10 18:42:54,730 - INFO - 
================================================================================
2026-02-10 18:42:54,734 - INFO - ================================================================================
