2026-01-16 21:18:36,701 - INFO - ================================================================================
2026-01-16 21:18:36,701 - INFO - MOMENT ANOMALY DETECTION - STARTING
2026-01-16 21:18:36,702 - INFO - ================================================================================
2026-01-16 21:18:36,702 - INFO - 
Configuration:
2026-01-16 21:18:36,702 - INFO -   data_path: /mnt/project/Parameters_5K.csv
2026-01-16 21:18:36,703 - INFO -   window_size: 168
2026-01-16 21:18:36,703 - INFO -   stride: 24
2026-01-16 21:18:36,703 - INFO -   d_model: 256
2026-01-16 21:18:36,704 - INFO -   nhead: 8
2026-01-16 21:18:36,704 - INFO -   num_layers: 4
2026-01-16 21:18:36,704 - INFO -   dropout: 0.1
2026-01-16 21:18:36,704 - INFO -   batch_size: 32
2026-01-16 21:18:36,704 - INFO -   epochs: 50
2026-01-16 21:18:36,705 - INFO -   lr: 0.0001
2026-01-16 21:18:36,705 - INFO -   patience: 10
2026-01-16 21:18:36,705 - INFO -   train_split: 0.7
2026-01-16 21:18:36,706 - INFO -   val_split: 0.15
2026-01-16 21:18:36,706 - INFO -   threshold_method: zscore
2026-01-16 21:18:36,706 - INFO -   z_multiplier: 3.0
2026-01-16 21:18:36,706 - INFO -   contamination: 0.01
2026-01-16 21:18:36,706 - INFO -   save_model: True
2026-01-16 21:18:36,707 - INFO -   model_name: moment_model.pkl
2026-01-16 21:18:36,707 - INFO -   save_plots: True
2026-01-16 21:18:36,707 - INFO - 
Using device: cpu
2026-01-16 21:18:36,707 - INFO - 
================================================================================
2026-01-16 21:18:36,708 - INFO - STEP 1: Loading and Preprocessing Data
2026-01-16 21:18:36,708 - INFO - ================================================================================
