2026-02-10 18:40:52,595 - INFO - ================================================================================
2026-02-10 18:40:52,595 - INFO - MOMENT ANOMALY DETECTION - STARTING
2026-02-10 18:40:52,596 - INFO - ================================================================================
2026-02-10 18:40:52,596 - INFO - 
Configuration:
2026-02-10 18:40:52,597 - INFO -   data_path: ./Parameters_5K.csv
2026-02-10 18:40:52,597 - INFO -   window_size: 168
2026-02-10 18:40:52,597 - INFO -   stride: 24
2026-02-10 18:40:52,597 - INFO -   d_model: 256
2026-02-10 18:40:52,598 - INFO -   nhead: 8
2026-02-10 18:40:52,598 - INFO -   num_layers: 4
2026-02-10 18:40:52,598 - INFO -   dropout: 0.1
2026-02-10 18:40:52,599 - INFO -   batch_size: 32
2026-02-10 18:40:52,599 - INFO -   epochs: 50
2026-02-10 18:40:52,599 - INFO -   lr: 0.0001
2026-02-10 18:40:52,599 - INFO -   patience: 10
2026-02-10 18:40:52,599 - INFO -   train_split: 0.7
2026-02-10 18:40:52,600 - INFO -   val_split: 0.15
2026-02-10 18:40:52,600 - INFO -   threshold_method: zscore
2026-02-10 18:40:52,600 - INFO -   z_multiplier: 3.0
2026-02-10 18:40:52,600 - INFO -   contamination: 0.01
2026-02-10 18:40:52,600 - INFO -   save_model: True
2026-02-10 18:40:52,601 - INFO -   model_name: moment_model.pkl
2026-02-10 18:40:52,601 - INFO -   save_plots: True
2026-02-10 18:40:54,556 - INFO - 
Using device: cuda
2026-02-10 18:40:54,556 - INFO - 
================================================================================
2026-02-10 18:40:54,556 - INFO - STEP 1: Loading and Preprocessing Data
2026-02-10 18:40:54,556 - INFO - ================================================================================
2026-02-10 18:40:54,592 - INFO - Loaded 5614 samples
2026-02-10 18:40:54,593 - INFO - Using 16 features: ['pH', 'Turbidity_NTU', 'Free_Residual_Chlorine_ppm', 'TDS_ppm', 'Total_Hardness_ppm', 'Calcium_Hardness_ppm', 'Magnesium_Hardness_ppm', 'Chlorides_ppm', 'Phosphate_ppm', 'Total_Alkalinity_ppm', 'Sulphates_ppm', 'Silica_ppm', 'Iron_ppm', 'Suspended_Solids_ppm', 'Conductivity_uS_cm', 'Cycles_of_Concentration']
2026-02-10 18:40:54,599 - INFO - Handling missing values...
2026-02-10 18:40:54,603 - INFO - Fitting RobustScalers...
2026-02-10 18:40:54,736 - INFO - Created 227 valid windows
2026-02-10 18:40:54,736 - INFO - 
================================================================================
2026-02-10 18:40:54,737 - INFO - STEP 2: Splitting Data
2026-02-10 18:40:54,737 - INFO - ================================================================================
2026-02-10 18:40:54,737 - INFO - Train: 158, Val: 34, Test: 35
2026-02-10 18:40:54,737 - INFO - 
================================================================================
2026-02-10 18:40:54,737 - INFO - STEP 3: Initializing Model
2026-02-10 18:40:54,738 - INFO - ================================================================================
2026-02-10 18:40:54,779 - INFO - Initialized MOMENT model with 3,198,864 parameters
2026-02-10 18:40:55,236 - INFO - 
================================================================================
2026-02-10 18:40:55,236 - INFO - STEP 4: Training Model
2026-02-10 18:40:55,236 - INFO - ================================================================================
2026-02-10 18:40:55,968 - INFO - Starting training for 50 epochs...
2026-02-10 18:40:56,762 - INFO - Epoch 1/50 - Train: 72.569684, Val: 43.109888 [BEST]
2026-02-10 18:40:57,203 - INFO - Epoch 2/50 - Train: 71.393309, Val: 42.915920 [BEST]
2026-02-10 18:40:57,652 - INFO - Epoch 3/50 - Train: 70.250095, Val: 42.672415 [BEST]
2026-02-10 18:40:58,096 - INFO - Epoch 4/50 - Train: 70.158719, Val: 42.247475 [BEST]
2026-02-10 18:40:58,536 - INFO - Epoch 5/50 - Train: 69.057055, Val: 41.914125 [BEST]
2026-02-10 18:40:58,980 - INFO - Epoch 6/50 - Train: 69.003532, Val: 41.680475 [BEST]
2026-02-10 18:40:59,422 - INFO - Epoch 7/50 - Train: 68.491759, Val: 41.495539 [BEST]
2026-02-10 18:40:59,867 - INFO - Epoch 8/50 - Train: 68.206523, Val: 41.328575 [BEST]
2026-02-10 18:41:00,309 - INFO - Epoch 9/50 - Train: 67.901208, Val: 41.160658 [BEST]
2026-02-10 18:41:00,754 - INFO - Epoch 10/50 - Train: 67.429269, Val: 40.997305 [BEST]
2026-02-10 18:41:01,198 - INFO - Epoch 11/50 - Train: 67.249963, Val: 40.838375 [BEST]
2026-02-10 18:41:01,640 - INFO - Epoch 12/50 - Train: 66.680136, Val: 40.677891 [BEST]
2026-02-10 18:41:02,086 - INFO - Epoch 13/50 - Train: 66.250211, Val: 40.528461 [BEST]
2026-02-10 18:41:02,530 - INFO - Epoch 14/50 - Train: 66.130708, Val: 40.389799 [BEST]
2026-02-10 18:41:02,974 - INFO - Epoch 15/50 - Train: 65.891090, Val: 40.224737 [BEST]
2026-02-10 18:41:03,418 - INFO - Epoch 16/50 - Train: 65.431339, Val: 40.076380 [BEST]
2026-02-10 18:41:03,864 - INFO - Epoch 17/50 - Train: 65.512184, Val: 39.942705 [BEST]
2026-02-10 18:41:04,311 - INFO - Epoch 18/50 - Train: 65.077108, Val: 39.797617 [BEST]
2026-02-10 18:41:04,754 - INFO - Epoch 19/50 - Train: 65.013084, Val: 39.675262 [BEST]
2026-02-10 18:41:05,202 - INFO - Epoch 20/50 - Train: 64.149833, Val: 39.549206 [BEST]
2026-02-10 18:41:05,647 - INFO - Epoch 21/50 - Train: 64.646616, Val: 39.421566 [BEST]
2026-02-10 18:41:06,092 - INFO - Epoch 22/50 - Train: 63.745412, Val: 39.316580 [BEST]
2026-02-10 18:41:06,539 - INFO - Epoch 23/50 - Train: 63.874472, Val: 39.177448 [BEST]
2026-02-10 18:41:07,244 - INFO - Epoch 24/50 - Train: 63.533376, Val: 39.101528 [BEST]
2026-02-10 18:41:07,689 - INFO - Epoch 25/50 - Train: 63.934697, Val: 38.987518 [BEST]
2026-02-10 18:41:08,141 - INFO - Epoch 26/50 - Train: 63.370107, Val: 38.893366 [BEST]
2026-02-10 18:41:08,584 - INFO - Epoch 27/50 - Train: 63.200480, Val: 38.804357 [BEST]
2026-02-10 18:41:09,034 - INFO - Epoch 28/50 - Train: 62.997041, Val: 38.723122 [BEST]
2026-02-10 18:41:09,479 - INFO - Epoch 29/50 - Train: 62.690921, Val: 38.649453 [BEST]
2026-02-10 18:41:09,927 - INFO - Epoch 30/50 - Train: 62.921722, Val: 38.600755 [BEST]
2026-02-10 18:41:10,375 - INFO - Epoch 31/50 - Train: 62.351130, Val: 38.526241 [BEST]
2026-02-10 18:41:10,822 - INFO - Epoch 32/50 - Train: 62.739678, Val: 38.457723 [BEST]
2026-02-10 18:41:11,270 - INFO - Epoch 33/50 - Train: 62.421638, Val: 38.413708 [BEST]
2026-02-10 18:41:11,718 - INFO - Epoch 34/50 - Train: 61.915123, Val: 38.371711 [BEST]
2026-02-10 18:41:12,165 - INFO - Epoch 35/50 - Train: 61.827328, Val: 38.322171 [BEST]
2026-02-10 18:41:12,613 - INFO - Epoch 36/50 - Train: 61.713058, Val: 38.276143 [BEST]
2026-02-10 18:41:13,063 - INFO - Epoch 37/50 - Train: 61.573212, Val: 38.243532 [BEST]
2026-02-10 18:41:13,510 - INFO - Epoch 38/50 - Train: 61.952239, Val: 38.208171 [BEST]
2026-02-10 18:41:13,962 - INFO - Epoch 39/50 - Train: 61.581399, Val: 38.182099 [BEST]
2026-02-10 18:41:14,411 - INFO - Epoch 40/50 - Train: 61.560017, Val: 38.164642 [BEST]
2026-02-10 18:41:14,860 - INFO - Epoch 41/50 - Train: 61.592264, Val: 38.147517 [BEST]
2026-02-10 18:41:15,310 - INFO - Epoch 42/50 - Train: 61.714363, Val: 38.130398 [BEST]
2026-02-10 18:41:15,762 - INFO - Epoch 43/50 - Train: 61.305750, Val: 38.116831 [BEST]
2026-02-10 18:41:16,212 - INFO - Epoch 44/50 - Train: 61.761567, Val: 38.108509 [BEST]
2026-02-10 18:41:16,663 - INFO - Epoch 45/50 - Train: 61.273573, Val: 38.104337 [BEST]
2026-02-10 18:41:17,113 - INFO - Epoch 46/50 - Train: 61.622939, Val: 38.099402 [BEST]
2026-02-10 18:41:17,565 - INFO - Epoch 47/50 - Train: 61.374614, Val: 38.095758 [BEST]
2026-02-10 18:41:18,016 - INFO - Epoch 48/50 - Train: 61.447247, Val: 38.093720 [BEST]
2026-02-10 18:41:18,466 - INFO - Epoch 49/50 - Train: 61.148586, Val: 38.092699 [BEST]
2026-02-10 18:41:18,918 - INFO - Epoch 50/50 - Train: 61.655655, Val: 38.092438 [BEST]
2026-02-10 18:41:18,919 - INFO - Training complete. Best val loss: 38.092438
2026-02-10 18:41:19,903 - INFO - Saved training history to training_history.png
2026-02-10 18:41:19,954 - INFO - 
================================================================================
2026-02-10 18:41:19,955 - INFO - STEP 5: Computing Reconstruction Errors
2026-02-10 18:41:19,955 - INFO - ================================================================================
2026-02-10 18:41:19,979 - INFO - Computed 34 reconstruction errors
2026-02-10 18:41:19,980 - INFO -   Mean: 44.189644, Std: 34.928463
2026-02-10 18:41:19,980 - INFO -   Min: 0.294706, Max: 103.131416
2026-02-10 18:41:20,003 - INFO - Computed 35 reconstruction errors
2026-02-10 18:41:20,004 - INFO -   Mean: 59.187111, Std: 48.095490
2026-02-10 18:41:20,004 - INFO -   Min: 3.116047, Max: 179.679810
2026-02-10 18:41:20,004 - INFO - 
================================================================================
2026-02-10 18:41:20,004 - INFO - STEP 6: Detecting Anomalies
2026-02-10 18:41:20,005 - INFO - ================================================================================
2026-02-10 18:41:20,060 - INFO - Detected 2/35 anomalies (5.71%)
2026-02-10 18:41:20,061 - INFO - 
================================================================================
2026-02-10 18:41:20,061 - INFO - STEP 7: Saving Results
2026-02-10 18:41:20,061 - INFO - ================================================================================
2026-02-10 18:41:20,065 - INFO - Saved results to: anomaly_results.csv
2026-02-10 18:41:20,071 - INFO - Saved 2 anomalies to: anomalous_windows.csv
2026-02-10 18:41:20,813 - INFO - Saved results to anomaly_results.png
2026-02-10 18:41:20,863 - INFO - Saved model to: moment_model.pkl
2026-02-10 18:41:20,863 - INFO - 
================================================================================
2026-02-10 18:41:20,864 - INFO - FINAL SUMMARY
2026-02-10 18:41:20,864 - INFO - ================================================================================
2026-02-10 18:41:20,864 - INFO - Total samples: 5614
2026-02-10 18:41:20,864 - INFO - Total windows: 227
2026-02-10 18:41:20,864 - INFO - Features: 16
2026-02-10 18:41:20,865 - INFO - Model parameters: 3,198,864
2026-02-10 18:41:20,865 - INFO - Final train loss: 61.655655
2026-02-10 18:41:20,865 - INFO - Final val loss: 38.092438
2026-02-10 18:41:20,865 - INFO - Threshold: 148.975037
2026-02-10 18:41:20,865 - INFO - Test anomalies: 2/35 (5.71%)
2026-02-10 18:41:20,866 - INFO - 
================================================================================
2026-02-10 18:41:20,867 - INFO - ================================================================================
