2026-02-02 20:29:54,801 - INFO - ================================================================================
2026-02-02 20:29:54,801 - INFO - MOMENT ANOMALY DETECTION - STARTING
2026-02-02 20:29:54,801 - INFO - ================================================================================
2026-02-02 20:29:54,801 - INFO - 
Configuration:
2026-02-02 20:29:54,801 - INFO -   data_path: ./Parameters_5K.csv
2026-02-02 20:29:54,801 - INFO -   window_size: 168
2026-02-02 20:29:54,801 - INFO -   stride: 24
2026-02-02 20:29:54,802 - INFO -   d_model: 256
2026-02-02 20:29:54,802 - INFO -   nhead: 8
2026-02-02 20:29:54,802 - INFO -   num_layers: 4
2026-02-02 20:29:54,802 - INFO -   dropout: 0.1
2026-02-02 20:29:54,802 - INFO -   batch_size: 32
2026-02-02 20:29:54,802 - INFO -   epochs: 50
2026-02-02 20:29:54,802 - INFO -   lr: 0.0001
2026-02-02 20:29:54,802 - INFO -   patience: 10
2026-02-02 20:29:54,802 - INFO -   train_split: 0.7
2026-02-02 20:29:54,802 - INFO -   val_split: 0.15
2026-02-02 20:29:54,802 - INFO -   threshold_method: zscore
2026-02-02 20:29:54,802 - INFO -   z_multiplier: 3.0
2026-02-02 20:29:54,802 - INFO -   contamination: 0.01
2026-02-02 20:29:54,802 - INFO -   save_model: True
2026-02-02 20:29:54,803 - INFO -   model_name: moment_model.pkl
2026-02-02 20:29:54,803 - INFO -   save_plots: True
2026-02-02 20:29:54,803 - INFO - 
Using device: cpu
2026-02-02 20:29:54,803 - INFO - 
================================================================================
2026-02-02 20:29:54,803 - INFO - STEP 1: Loading and Preprocessing Data
2026-02-02 20:29:54,803 - INFO - ================================================================================
2026-02-02 20:29:54,827 - INFO - Loaded 5614 samples
2026-02-02 20:29:54,827 - INFO - Using 16 features: ['pH', 'Turbidity_NTU', 'Free_Residual_Chlorine_ppm', 'TDS_ppm', 'Total_Hardness_ppm', 'Calcium_Hardness_ppm', 'Magnesium_Hardness_ppm', 'Chlorides_ppm', 'Phosphate_ppm', 'Total_Alkalinity_ppm', 'Sulphates_ppm', 'Silica_ppm', 'Iron_ppm', 'Suspended_Solids_ppm', 'Conductivity_uS_cm', 'Cycles_of_Concentration']
2026-02-02 20:29:54,829 - INFO - Handling missing values...
2026-02-02 20:29:54,831 - INFO - Fitting RobustScalers...
2026-02-02 20:29:54,935 - INFO - Created 227 valid windows
2026-02-02 20:29:54,936 - INFO - 
================================================================================
2026-02-02 20:29:54,936 - INFO - STEP 2: Splitting Data
2026-02-02 20:29:54,936 - INFO - ================================================================================
2026-02-02 20:29:54,936 - INFO - Train: 158, Val: 34, Test: 35
2026-02-02 20:29:54,937 - INFO - 
================================================================================
2026-02-02 20:29:54,937 - INFO - STEP 3: Initializing Model
2026-02-02 20:29:54,937 - INFO - ================================================================================
2026-02-02 20:29:54,957 - INFO - Initialized MOMENT model with 3,198,864 parameters
2026-02-02 20:29:54,957 - INFO - 
================================================================================
2026-02-02 20:29:54,957 - INFO - STEP 4: Training Model
2026-02-02 20:29:54,957 - INFO - ================================================================================
2026-02-02 20:29:55,592 - INFO - Starting training for 50 epochs...
2026-02-02 20:30:00,983 - INFO - Epoch 1/50 - Train: 72.582864, Val: 43.049374 [BEST]
2026-02-02 20:30:06,200 - INFO - Epoch 2/50 - Train: 71.297140, Val: 42.871904 [BEST]
2026-02-02 20:30:11,456 - INFO - Epoch 3/50 - Train: 71.058931, Val: 42.684486 [BEST]
2026-02-02 20:30:16,828 - INFO - Epoch 4/50 - Train: 70.785050, Val: 42.321714 [BEST]
2026-02-02 20:30:22,247 - INFO - Epoch 5/50 - Train: 69.862628, Val: 41.965179 [BEST]
2026-02-02 20:30:27,723 - INFO - Epoch 6/50 - Train: 69.090086, Val: 41.709528 [BEST]
2026-02-02 20:30:33,196 - INFO - Epoch 7/50 - Train: 69.193782, Val: 41.487917 [BEST]
2026-02-02 20:30:38,794 - INFO - Epoch 8/50 - Train: 68.183339, Val: 41.296806 [BEST]
2026-02-02 20:30:44,478 - INFO - Epoch 9/50 - Train: 67.650851, Val: 41.111320 [BEST]
2026-02-02 20:30:50,195 - INFO - Epoch 10/50 - Train: 67.893386, Val: 40.953140 [BEST]
2026-02-02 20:30:55,964 - INFO - Epoch 11/50 - Train: 67.692059, Val: 40.793339 [BEST]
2026-02-02 20:31:01,805 - INFO - Epoch 12/50 - Train: 66.841844, Val: 40.658758 [BEST]
2026-02-02 20:31:07,816 - INFO - Epoch 13/50 - Train: 66.907905, Val: 40.525900 [BEST]
2026-02-02 20:31:13,769 - INFO - Epoch 14/50 - Train: 66.554330, Val: 40.373102 [BEST]
2026-02-02 20:31:19,769 - INFO - Epoch 15/50 - Train: 65.945589, Val: 40.246826 [BEST]
2026-02-02 20:31:25,703 - INFO - Epoch 16/50 - Train: 66.230449, Val: 40.108515 [BEST]
2026-02-02 20:31:31,484 - INFO - Epoch 17/50 - Train: 65.185950, Val: 39.975206 [BEST]
2026-02-02 20:31:37,285 - INFO - Epoch 18/50 - Train: 65.115395, Val: 39.881138 [BEST]
2026-02-02 20:31:43,148 - INFO - Epoch 19/50 - Train: 65.280123, Val: 39.772396 [BEST]
2026-02-02 20:31:49,030 - INFO - Epoch 20/50 - Train: 64.522230, Val: 39.634300 [BEST]
2026-02-02 20:31:54,931 - INFO - Epoch 21/50 - Train: 64.708974, Val: 39.557739 [BEST]
2026-02-02 20:32:00,830 - INFO - Epoch 22/50 - Train: 64.037944, Val: 39.453325 [BEST]
2026-02-02 20:32:06,579 - INFO - Epoch 23/50 - Train: 64.041399, Val: 39.338751 [BEST]
2026-02-02 20:32:12,459 - INFO - Epoch 24/50 - Train: 63.582442, Val: 39.230700 [BEST]
2026-02-02 20:32:18,299 - INFO - Epoch 25/50 - Train: 63.783989, Val: 39.156923 [BEST]
2026-02-02 20:32:24,224 - INFO - Epoch 26/50 - Train: 63.325761, Val: 39.086847 [BEST]
2026-02-02 20:32:30,213 - INFO - Epoch 27/50 - Train: 63.388746, Val: 38.996609 [BEST]
2026-02-02 20:32:36,291 - INFO - Epoch 28/50 - Train: 62.722786, Val: 38.930143 [BEST]
2026-02-02 20:32:42,001 - INFO - Epoch 29/50 - Train: 62.662891, Val: 38.832659 [BEST]
2026-02-02 20:32:48,199 - INFO - Epoch 30/50 - Train: 62.806597, Val: 38.783895 [BEST]
2026-02-02 20:32:54,441 - INFO - Epoch 31/50 - Train: 63.177746, Val: 38.741252 [BEST]
